<?xml version="1.0" encoding="UTF-8"?>
<!-- Generated by org.testng.reporters.JUnitReportReporter -->
<testsuite skipped="0" hostname="LAPTOP-H2K3R1GC" name="com.test.ecommerce.TestCase1" tests="1" failures="0" timestamp="27 Sep 2017 03:55:42 GMT" time="6.341" errors="0">
  <testcase name="testDay1TestCase1" time="6.341" classname="com.test.ecommerce.TestCase1"/>
</testsuite> <!-- com.test.ecommerce.TestCase1 -->
